4.993769495560529403e-01 5.024717753328540315e-01 4.989776065836405983e-01 5.005430439573855805e-01 4.982482740754067829e-01 5.023795338727536919e-01 5.017160046262408857e-01 5.022720600695219639e-01 4.996078348977362471e-01 4.495223504853630980e-01 5.986449827040709604e-01 8.018010212832994421e-01
4.993963706371317701e-01 5.025696679529029209e-01 4.992319381512811405e-01 5.006122798814119923e-01 4.981133077931400033e-01 5.023139372523826029e-01 5.016900763305764954e-01 5.022414622259196992e-01 4.998083284702920515e-01 4.495948166491099962e-01 5.987087799980398417e-01 8.017852013604944705e-01
4.993762988476869724e-01 5.026289853991962042e-01 4.990637775270332921e-01 5.006911707430589109e-01 4.981989783970988128e-01 5.022183274872984438e-01 5.016281051038131711e-01 5.023136581332003914e-01 4.997844396823113433e-01 4.495474173590845446e-01 5.987209154396770927e-01 8.016785787522788809e-01
4.993516755417186648e-01 5.025995400355636189e-01 4.990226708342161421e-01 5.007659850783553468e-01 4.982223305023666948e-01 5.021843606387936809e-01 5.015680456483609939e-01 5.024637517411014720e-01 4.998321668514520422e-01 4.495343107987235243e-01 5.985156564819424929e-01 8.016611181020439902e-01
4.993451418816380882e-01 5.027867790012318094e-01 4.991457365307924166e-01 5.006719891772805076e-01 4.981006790415986596e-01 5.022354691706639729e-01 5.015433421657856661e-01 5.025708799815949979e-01 4.999676300513370975e-01 4.493959537427433260e-01 5.983477341983000075e-01 8.016711855984898216e-01
4.992920833182591944e-01 5.027495946095851265e-01 4.990624400410119121e-01 5.005675817805720351e-01 4.982009333162453202e-01 5.022886732552065414e-01 5.016105183522840960e-01 5.026270671819064173e-01 4.998380038300109796e-01 4.493517546217353775e-01 5.984112250999426008e-01 8.016825519194624716e-01
4.993942072883996164e-01 5.025270736812533778e-01 4.991099064497993565e-01 5.005276721411158203e-01 4.982129796840653047e-01 5.024515668469667906e-01 5.016289412037875373e-01 5.028187983040838249e-01 4.999452505917811318e-01 4.494128686568945041e-01 5.983942716179556642e-01 8.016152700456266045e-01
4.994245087695441399e-01 5.026022475232686526e-01 4.990921011355682890e-01 5.004317798976803955e-01 4.982215852512182908e-01 5.023327761254413604e-01 5.015943997294211032e-01 5.027403682842815913e-01 4.998355073023584283e-01 4.493630376847910779e-01 5.985186834722866500e-01 8.016947352275590744e-01
4.995676426203621845e-01 5.025398518111549029e-01 4.991273934872463292e-01 5.005461260620278630e-01 4.983103831789679194e-01 5.023606206644035677e-01 5.015902916735752726e-01 5.027428841733212472e-01 4.998365741112861804e-01 4.492598355811807664e-01 5.985237748736171870e-01 8.014739744237201480e-01
4.995879470177639337e-01 5.026441653938413801e-01 4.992243341718682337e-01 5.005609021558449223e-01 4.983481407273228636e-01 5.023289995508654071e-01 5.015681396225266653e-01 5.025415620817286211e-01 4.998932811299380830e-01 4.492324628343495885e-01 5.984982692323407294e-01 8.014153757089282903e-01
4.994010413765923584e-01 5.025533045741089611e-01 4.990628755214933099e-01 5.006978461325788388e-01 4.983877786022739564e-01 5.023277304515539887e-01 5.016328075964423538e-01 5.025932768786327554e-01 4.998555115862261533e-01 4.494717925242079914e-01 5.984809624042211063e-01 8.013157223104190319e-01
4.993151343434156786e-01 5.026308491809784451e-01 4.990329556967528224e-01 5.006636486216468063e-01 4.983930197992240130e-01 5.022466387578874425e-01 5.013019338439954620e-01 5.025298162810987179e-01 4.998213541337995225e-01 4.494721915544160895e-01 5.985511024087905030e-01 8.013600550700767933e-01
4.994003369382762902e-01 5.026050845371264897e-01 4.991168978143104007e-01 5.006181949155150690e-01 4.983137826805817405e-01 5.022128214295424886e-01 5.013395627412177147e-01 5.024871308534398784e-01 4.996951668842375960e-01 4.495537338853253240e-01 5.984033785131843697e-01 8.014442464434217150e-01
4.992605987952672963e-01 5.025150394614875671e-01 4.989992612186819332e-01 5.004594036501716081e-01 4.982893084360970892e-01 5.023118957810402962e-01 5.013362400501391036e-01 5.024949432474240529e-01 4.995014406101351834e-01 4.494518317310373656e-01 5.984594477897385856e-01 8.014071816175458718e-01
4.993722271350896080e-01 5.024401181021194152e-01 4.991322062587369435e-01 5.003362804944585518e-01 4.983616879789721232e-01 5.023479153336601888e-01 5.012727637048558504e-01 5.024180741223338575e-01 4.995435664115275842e-01 4.494759707501155277e-01 5.985322447662494438e-01 8.011469916132369917e-01
4.994386647902323562e-01 5.024140008995304774e-01 4.993223080981677997e-01 5.004725355559149769e-01 4.983321638866342052e-01 5.023366137432477840e-01 5.013072420373176907e-01 5.025940482988071611e-01 4.994233406059909730e-01 4.494312038253155395e-01 5.986326058800391925e-01 8.012106356562717080e-01
4.995788380725573186e-01 5.024195026998389269e-01 4.993285207233709166e-01 5.004315076690448727e-01 4.981632782037900276e-01 5.022282050761236460e-01 5.013478636154962143e-01 5.024845481348473308e-01 4.993347024945202772e-01 4.493481229214187356e-01 5.986967758965132669e-01 8.013183503885193959e-01
4.995783532465830068e-01 5.023440065290449841e-01 4.993908840479316380e-01 5.004384714317279270e-01 4.981516189249816096e-01 5.022335842549588980e-01 5.013257368404566705e-01 5.024876647789400241e-01 4.992940670168420358e-01 4.494511213017916562e-01 5.986862468931130055e-01 8.012332196630690406e-01
4.996058057244416872e-01 5.023636635113388760e-01 4.995260331584177593e-01 5.006678967885183074e-01 4.981764317663287533e-01 5.021726388975260580e-01 5.014608685903361174e-01 5.024974114439970663e-01 4.991327297367826321e-01 4.493964541762801024e-01 5.987905925163339305e-01 8.013209070558852121e-01
4.994474867334425250e-01 5.025659409879160711e-01 4.994492390237884605e-01 5.007476654260903937e-01 4.982905732781673924e-01 5.021337588518258732e-01 5.014733059131636361e-01 5.024273080795599311e-01 4.991231360524967520e-01 4.493611742455232427e-01 5.988524041514087237e-01 8.012360763811249287e-01
4.994851571216513686e-01 5.025390370637453641e-01 4.996611393007958646e-01 5.005806466584935555e-01 4.983828727632614863e-01 5.023206323343133439e-01 5.015157635654228230e-01 5.022404475915450695e-01 4.989017471689791150e-01 4.493405817668911784e-01 5.989423046812880624e-01 8.010175023823747908e-01
4.993232321516759553e-01 5.025326856648635321e-01 4.995849691487140309e-01 5.007975847271187719e-01 4.984203209445356997e-01 5.023217433461757420e-01 5.012924598831312029e-01 5.021746013710823853e-01 4.990080932353568866e-01 4.494997472876601230e-01 5.989003237095258392e-01 8.010783112368270453e-01
4.993825632655451985e-01 5.025356193734062948e-01 4.994551706819746473e-01 5.006594320727498770e-01 4.984577776161468465e-01 5.022236259887088439e-01 5.011214279993200238e-01 5.021678237474764828e-01 4.988947507511226620e-01 4.494974006042630754e-01 5.990111027411695321e-01 8.011386765604954219e-01
4.993877719126547099e-01 5.026733146843147537e-01 4.994031645693061128e-01 5.009115957088363658e-01 4.984567415974140436e-01 5.022519798093437737e-01 5.009823780763726919e-01 5.021490452926701265e-01 4.989465717496964214e-01 4.493260950766645445e-01 5.990270038371838801e-01 8.010190429260160005e-01
4.993940498134974426e-01 5.027318094652998282e-01 4.992987225311948940e-01 5.009256358737950166e-01 4.983598483565362947e-01 5.022510231091481536e-01 5.009805825867367224e-01 5.019362944520087133e-01 4.988502696946128245e-01 4.493089400816129841e-01 5.990042897534267885e-01 8.011152440072015768e-01
4.993838213708275409e-01 5.027595775174743542e-01 4.991564327820109392e-01 5.008103931853766788e-01 4.982241845334188235e-01 5.024406726965000569e-01 5.010760689419012648e-01 5.020050983601989092e-01 4.988335266353607911e-01 4.492512480347723436e-01 5.988185811478679010e-01 8.011036173050012366e-01
4.994370760113112095e-01 5.029067012257563141e-01 4.992127669873182017e-01 5.008037617733658298e-01 4.983070111934735924e-01 5.022497642758670944e-01 5.010398271111412560e-01 5.020818673619457106e-01 4.988728807179013125e-01 4.492944129303251266e-01 5.988238496091837781e-01 8.009822986672437972e-01
4.995971362261192872e-01 5.029290571838953561e-01 4.989774196666615924e-01 5.007824097661991436e-01 4.982122552802623061e-01 5.022972837018191417e-01 5.010020914650814561e-01 5.022079843946135602e-01 4.989628316526463214e-01 4.494682810128089456e-01 5.988195430265895736e-01 8.010927775840969156e-01
4.997458296721546400e-01 5.028269342357838401e-01 4.988761491957982575e-01 5.009070103067413404e-01 4.983085573878548447e-01 5.023712953724736030e-01 5.009206227078421003e-01 5.023486272128653285e-01 4.989320369885315021e-01 4.495385844024355482e-01 5.986457934355053911e-01 8.010582213070952529e-01
4.995810422566657194e-01 5.028003196378699746e-01 4.988609178885812789e-01 5.009651524080744878e-01 4.982739910543049766e-01 5.025300799787714157e-01 5.008438012839024900e-01 5.022543567829351741e-01 4.988902902268840811e-01 4.495452007418317408e-01 5.986381433880757497e-01 8.011893162063976614e-01
4.996960045589038391e-01 5.030820921476205632e-01 4.987786810079938293e-01 5.008499582362651026e-01 4.982681338576571139e-01 5.024604005616264413e-01 5.007539950468103962e-01 5.022545390661441456e-01 4.988044980738594036e-01 4.497646665058220306e-01 5.986656251331270440e-01 8.013098880711587713e-01
4.996731187019630704e-01 5.031521710021230609e-01 4.987629059572449286e-01 5.009044666652959776e-01 4.983800679062087013e-01 5.024284874205827700e-01 5.007212142512402764e-01 5.022838649964617153e-01 4.988654216151561793e-01 4.497364777121400370e-01 5.988052240662792292e-01 8.013579877744202440e-01
4.993379272887302212e-01 5.031785529802241808e-01 4.987943735177444715e-01 5.008115282353495790e-01 4.984550919163510674e-01 5.024430436399930366e-01 5.006420485457989678e-01 5.021778405036453341e-01 4.990089390519101831e-01 4.496844639516521247e-01 5.987134907586031396e-01 8.012234134840939825e-01
4.994745133036062046e-01 5.032096046087001229e-01 4.987501515508416805e-01 5.008654020940181972e-01 4.985603657702311620e-01 5.024499514865253813e-01 5.006378535674134156e-01 5.021867342951181756e-01 4.991960614032294741e-01 4.496936592924131726e-01 5.985852866574913334e-01 8.013027822876183093e-01
4.995034444874765778e-01 5.032840853158584427e-01 4.989776109649320390e-01 5.006947324008578226e-01 4.982748486821547695e-01 5.025163863878825410e-01 5.004777527366935930e-01 5.022730157577911525e-01 4.991472229841548147e-01 4.496886449697906074e-01 5.985629939578522851e-01 8.013389657644459652e-01
4.994523158357689896e-01 5.032401010089985194e-01 4.990904831739342851e-01 5.007804129981633379e-01 4.982295189885423969e-01 5.023718013877208621e-01 5.003811030498959145e-01 5.022886135911225347e-01 4.992274877702672642e-01 4.496682253101107474e-01 5.986304948133746029e-01 8.012994566278108799e-01
4.995257591716646961e-01 5.033544098727265048e-01 4.990457183937235253e-01 5.007959123396609202e-01 4.981429562439526615e-01 5.024738148866965126e-01 5.003636838013141297e-01 5.025874337328634089e-01 4.991116942316999316e-01 4.497728759947374200e-01 5.985344534246581638e-01 8.013409499503975075e-01
4.996200164697429114e-01 5.034353570288423452e-01 4.991034334623109525e-01 5.006370332058739381e-01 4.981630195496574154e-01 5.024650773739181009e-01 5.003767950794224539e-01 5.028349722700107272e-01 4.992003266448040710e-01 4.498134889426621541e-01 5.985173711610528580e-01 8.013926561984466845e-01
4.996591559732353471e-01 5.035342246300931190e-01 4.990471116072328073e-01 5.006118050422255772e-01 4.981699718299104629e-01 5.024215446106402583e-01 5.005258490281618844e-01 5.030199967403377048e-01 4.991085701266910202e-01 4.497610749257520690e-01 5.984949478490807495e-01 8.011417183630478167e-01
4.996114514295425524e-01 5.035385223335464566e-01 4.990861632209769860e-01 5.006757900364857683e-01 4.981489782433323743e-01 5.023726868269023926e-01 5.005735055269129319e-01 5.030007509908592800e-01 4.992059919921011391e-01 4.497135980629559660e-01 5.985765183289168956e-01 8.011767897837174246e-01
4.995606652458742802e-01 5.035887960874053659e-01 4.991072172640630966e-01 5.008695929145070558e-01 4.982408167154422363e-01 5.024389627662230184e-01 5.006790969898901045e-01 5.030216871343241580e-01 4.990286546502628595e-01 4.496929521167091770e-01 5.986275955842402796e-01 8.011208041120074785e-01
4.996394268142439476e-01 5.035286732055203052e-01 4.990410814441407772e-01 5.008716196232725348e-01 4.982483151799290133e-01 5.023153698398568068e-01 5.007298574026423088e-01 5.030259814041336819e-01 4.990713460720704875e-01 4.495796168634477175e-01 5.985233968070006183e-01 8.011706463730565719e-01
4.996772376669700866e-01 5.034775842923556732e-01 4.990333304589359975e-01 5.009205583586714416e-01 4.982691024320045070e-01 5.024303910340289780e-01 5.006348778451494841e-01 5.029954496401325414e-01 4.990231894374399513e-01 4.496181391587669163e-01 5.985855088809306501e-01 8.012117409233073806e-01
4.997801467103178408e-01 5.034900857134917418e-01 4.991520751074889906e-01 5.009430504519054583e-01 4.982776871035402566e-01 5.023392205201885341e-01 5.005269399859828550e-01 5.030898585363516862e-01 4.991792411346099856e-01 4.496627357983718487e-01 5.986526801308188483e-01 8.012774296323044165e-01
5.000497023655623430e-01 5.035216019536593590e-01 4.991907496769139030e-01 5.010053400666452106e-01 4.983802102757506902e-01 5.024391749722596501e-01 5.004644847538142205e-01 5.032861256629309610e-01 4.992363771116842264e-01 4.496594190721889817e-01 5.986951154120437879e-01 8.011356383918727397e-01
4.999907890410460465e-01 5.034149595470437388e-01 4.992138484165715706e-01 5.011215198748204536e-01 4.982765500095979738e-01 5.023862492282505920e-01 5.004354264147168330e-01 5.033133806792251530e-01 4.991216353802800931e-01 4.497514960904585024e-01 5.988471324391898554e-01 8.011924931542405703e-01
5.000242677017335824e-01 5.034818111065316737e-01 4.992306104500911501e-01 5.010899334092054902e-01 4.982940550032234350e-01 5.025842862615125251e-01 5.003205685469219732e-01 5.032677661922947410e-01 4.991779758547692514e-01 4.495759712205602554e-01 5.987715154600368184e-01 8.013222083716560196e-01
5.001540299650509835e-01 5.034718115240194303e-01 4.993613099606061256e-01 5.011278441932374150e-01 4.982274460336273969e-01 5.024973176894380611e-01 5.005367909939393289e-01 5.032488426128030046e-01 4.990186171559768402e-01 4.497329766589510669e-01 5.987763440978928209e-01 8.013966114913788630e-01
5.001775174921436751e-01 5.034721217880492317e-01 4.992617701017718068e-01 5.012404760535744686e-01 4.982101600497791938e-01 5.024414134123789122e-01 5.005114023517255317e-01 5.032816374842496998e-01 4.990244974275628853e-01 4.496422188642793527e-01 5.987577975059327207e-01 8.013525970719760361e-01
5.001164977492559283e-01 5.033557836144165742e-01 4.994251934631138146e-01 5.010261089821472780e-01 4.981782740172454038e-01 5.025287691501680865e-01 5.004614256302777342e-01 5.033258411791807774e-01 4.990480028780578947e-01 4.496816552405615286e-01 5.988498745879201612e-01 8.014194653145316760e-01
5.001786469242623934e-01 5.033610002460837674e-01 4.995824733061186018e-01 5.012512630504765143e-01 4.980902304338476472e-01 5.023936714002272819e-01 5.005278439420122183e-01 5.033178457844810216e-01 4.990817496646921536e-01 4.496905990035556244e-01 5.987401398570273425e-01 8.013302706006418807e-01
5.001922276506880483e-01 5.033562391756105647e-01 4.995882849826885352e-01 5.009699463031223043e-01 4.981519078585452398e-01 5.025388878999552666e-01 5.004774582347144563e-01 5.031824921412805240e-01 4.991277830350490663e-01 4.495431860691908033e-01 5.987531305354035771e-01 8.013452681066803862e-01
5.000921796706681022e-01 5.034123431832727702e-01 4.996683195270273381e-01 5.009395711829330855e-01 4.981489409019266845e-01 5.025254898818404259e-01 5.004477634132626918e-01 5.031451464178704480e-01 4.992281777677725629e-01 4.494296752441776510e-01 5.987904228234947057e-01 8.013140087831011060e-01
5.000646560801524920e-01 5.035063583262433529e-01 4.997378407629648467e-01 5.010225840973391298e-01 4.980969508614325192e-01 5.025447072306307161e-01 5.003063385504740168e-01 5.029419180700557268e-01 4.994318823074855862e-01 4.493716666190801234e-01 5.988235613285721737e-01 8.014699898018062818e-01
5.001299113687265319e-01 5.034807414004895953e-01 4.996046372812286140e-01 5.009607144690340075e-01 4.981896292802696635e-01 5.026075842898823920e-01 5.002835763809082570e-01 5.029911250377501197e-01 4.994267918943272599e-01 4.491807674579163523e-01 5.987031664667354924e-01 8.015380344729402529e-01
5.001050592916527204e-01 5.034095375944888096e-01 4.996053443713919240e-01 5.010247139872759936e-01 4.981498168439743579e-01 5.025182473903619940e-01 5.003754357214097448e-01 5.029431377495042765e-01 4.993744158688248058e-01 4.491979960604219335e-01 5.987789780412540175e-01 8.014633443137455515e-01
5.000280210842636963e-01 5.034179762047332751e-01 4.997779387167137766e-01 5.010877495095754641e-01 4.981523587744800530e-01 5.025532279270925606e-01 5.002898503413157894e-01 5.028864748600645473e-01 4.993329893752805893e-01 4.491429669245070588e-01 5.988334942912395542e-01 8.014777093154860088e-01
4.998471850758544055e-01 5.034174801359980744e-01 4.996968413249107122e-01 5.009830498785063924e-01 4.982315078653844487e-01 5.026294666156605473e-01 5.003759358287939163e-01 5.030379689512542996e-01 4.993097397580114061e-01 4.490886044872701710e-01 5.987858886400420078e-01 8.014852121455956491e-01
5.000111440368124605e-01 5.032940278235209508e-01 4.998888676211003523e-01 5.009129893481718554e-01 4.983076087013844635e-01 5.025954804981387358e-01 5.004538895177934599e-01 5.030208433808420754e-01 4.992679200023865116e-01 4.492674235871370603e-01 5.988692140758237192e-01 8.014605148984909055e-01
4.999962457096434609e-01 5.033685033347582438e-01 4.999373488251294129e-01 5.009736067893372224e-01 4.981552306180430656e-01 5.023944926033361291e-01 5.004217290876497026e-01 5.031961120736622162e-01 4.992113975504149370e-01 4.491333760065436276e-01 5.988719363169180410e-01 8.014744535887599053e-01
5.002265927023372694e-01 5.033720761993474291e-01 4.997511947042069247e-01 5.010300885633995893e-01 4.981787411630159701e-01 5.024995414803929972e-01 5.004092144820041499e-01 5.032432479881814302e-01 4.991914237931347476e-01 4.491977215238633914e-01 5.986861884063784389e-01 8.013313609642445101e-01
5.000159588634355279e-01 5.033942850361293742e-01 4.996514663015113045e-01 5.012376265220682692e-01 4.981274584185448884e-01 5.026006903145489035e-01 5.004545345474554763e-01 5.031962386047353908e-01 4.992423666734085441e-01 4.491546062613624990e-01 5.986589720875876708e-01 8.014168305197669762e-01
5.000845599122154539e-01 5.031919154650902337e-01 4.996921962810770834e-01 5.012738445117047581e-01 4.980231747275608578e-01 5.026211347597999701e-01 5.006761821554203129e-01 5.029707801993721361e-01 4.993365386252055504e-01 4.491162304457396170e-01 5.987821506932812232e-01 8.015334077920722722e-01
5.001305222280341134e-01 5.031478138704541525e-01 4.997240999027091068e-01 5.014298293713863597e-01 4.980936606105620945e-01 5.026442886623642137e-01 5.007585618209610123e-01 5.029414111235398499e-01 4.992340281727808970e-01 4.491785586854218915e-01 5.986790023494076296e-01 8.016136904405816166e-01
5.001918844600177216e-01 5.032120926860718102e-01 4.995376060202678103e-01 5.014377483253659173e-01 4.981087448866408640e-01 5.026254435082554428e-01 5.007077817182387092e-01 5.028908202469064559e-01 4.994936612948420174e-01 4.491723871484111230e-01 5.987592725369010882e-01 8.017464430931242614e-01
5.002680358341303757e-01 5.033184753061317185e-01 4.994316160185048314e-01 5.014798352166028872e-01 4.980757081177445977e-01 5.026650635488313368e-01 5.007759358596562960e-01 5.028106801474395704e-01 4.994807139671975649e-01 4.491676325696276062e-01 5.987973074466309553e-01 8.015144800515274781e-01
5.003214474120675215e-01 5.032538082463064999e-01 4.993530967517658681e-01 5.014464636340362214e-01 4.981399347791178323e-01 5.025877132265854641e-01 5.006762320858391124e-01 5.027801779672516069e-01 4.994358288795864853e-01 4.490089505371005485e-01 5.987916612650434622e-01 8.015047921263293018e-01
5.003999638399756478e-01 5.032781112601701912e-01 4.993699123262996253e-01 5.014893499646049246e-01 4.980768431510996797e-01 5.026903661518462574e-01 5.005225311430060442e-01 5.028410108233154485e-01 4.995391277128106711e-01 4.489271128392738897e-01 5.989667431145545562e-01 8.015942531197749465e-01
5.003183971290853238e-01 5.033060364991076563e-01 4.995879690806174778e-01 5.016297948558748887e-01 4.980087099862764988e-01 5.025095974379234498e-01 5.002782068211133470e-01 5.028724678519695956e-01 4.995890820054434411e-01 4.486854043154733795e-01 5.987951498223081925e-01 8.013807113394970649e-01
5.002695914780702635e-01 5.032699480328546304e-01 4.994282961686937750e-01 5.015552423568212514e-01 4.978373498444021994e-01 5.025197462842522222e-01 5.000987399189198435e-01 5.028222547017517918e-01 4.996094169878252944e-01 4.486833728530818521e-01 5.986576979930100517e-01 8.013027028259382956e-01
5.002355215754819007e-01 5.031937138525196529e-01 4.995275089302501081e-01 5.015660731419600005e-01 4.976245757571443606e-01 5.025054091613346818e-01 5.001516870270172888e-01 5.028293206391739600e-01 4.995403315953934609e-01 4.487301277475620465e-01 5.985979995438122092e-01 8.012726384045237848e-01
5.003131727328642420e-01 5.030678301160215193e-01 4.994512972991855815e-01 5.015969252658957211e-01 4.976181719682131743e-01 5.024791508611535784e-01 5.002092404452019858e-01 5.029052651338520308e-01 4.996060084429372883e-01 4.487003661796813980e-01 5.986338287040462447e-01 8.013192269304908466e-01
5.003531495606675650e-01 5.029562360003506649e-01 4.994536477091858218e-01 5.015826144568625855e-01 4.975633088525809322e-01 5.022537961327794287e-01 5.000072017209149511e-01 5.028061329485721265e-01 4.995389750395922146e-01 4.487225912809360007e-01 5.986044235012193404e-01 8.012378968584750183e-01
5.003789038393963162e-01 5.028648774069782723e-01 4.996229452976405638e-01 5.016697237366558593e-01 4.974396628979420032e-01 5.021862417155114056e-01 5.000655730640212182e-01 5.027785278596966778e-01 4.995562815094481413e-01 4.487636299817154839e-01 5.986552415380241854e-01 8.011323960606241412e-01
5.004111373270786478e-01 5.028859871889446165e-01 4.995003516079669637e-01 5.016132695148093346e-01 4.973136277923673743e-01 5.020216135510204847e-01 5.001416056100561613e-01 5.028006737077730381e-01 4.997466055171023158e-01 4.486958177522105684e-01 5.986523794174307689e-01 8.012298575833014525e-01
5.004925712424124207e-01 5.027713002328870751e-01 4.995552255030112909e-01 5.016220164718792063e-01 4.972767908054331887e-01 5.022303835996847488e-01 5.000407895005902770e-01 5.027635881605080348e-01 4.996010923653131375e-01 4.486958159138053626e-01 5.985515970004894326e-01 8.010704497266837310e-01
5.004430271951837428e-01 5.026658668506515104e-01 4.994670776826650171e-01 5.016124795879449705e-01 4.970714743622254850e-01 5.023124167181129973e-01 4.999162043536172217e-01 5.028429618540628532e-01 4.995820838920224660e-01 4.486812414429550144e-01 5.985167213507498474e-01 8.010404646633118020e-01
5.005187783088037579e-01 5.025121874011204692e-01 4.995653667758773175e-01 5.015651871724968736e-01 4.970896566270043837e-01 5.023572097043353946e-01 5.001034915842219597e-01 5.028844710664500672e-01 4.997095775808926277e-01 4.486308428749937183e-01 5.985297577847635830e-01 8.010944338534075060e-01
5.006506484166686199e-01 5.025244486756109685e-01 4.996557187787951659e-01 5.017652890497401597e-01 4.971657988599989531e-01 5.024283578907279280e-01 5.001012224967589237e-01 5.028497699194713899e-01 4.996643364920367314e-01 4.487164351963459086e-01 5.984545976410465817e-01 8.010801397908389188e-01
5.006296204154477847e-01 5.024948475938766368e-01 4.996799977561401929e-01 5.018844613656938680e-01 4.971996994014118987e-01 5.024952925552550465e-01 5.001790494805234966e-01 5.027804007636310635e-01 4.998242207902413026e-01 4.487072596775100175e-01 5.984116206774933167e-01 8.012634874727743162e-01
5.005968769582671563e-01 5.023907533830128669e-01 4.996920897875128387e-01 5.019586806290704528e-01 4.970844829458351266e-01 5.026116741171019475e-01 5.003228410727103004e-01 5.027997193689307531e-01 4.998350286162224765e-01 4.488911056495205609e-01 5.983919097099759110e-01 8.010571920032523163e-01
5.004197902930755948e-01 5.024139559229842122e-01 4.996902371924842323e-01 5.020925944561548393e-01 4.970360231150939834e-01 5.025576330196096508e-01 5.000497420710379171e-01 5.026315756859539574e-01 4.999175964667057492e-01 4.488209166371553427e-01 5.985166899624972947e-01 8.011360761342664061e-01
5.004683321712084521e-01 5.023528917661451709e-01 4.997766759336486064e-01 5.023377904731491927e-01 4.970191911288671105e-01 5.026725564168766924e-01 5.000734569175707689e-01 5.025785666983930700e-01 4.999245773773194901e-01 4.488496203636392901e-01 5.985080831291454961e-01 8.010801078852277657e-01
5.004623951983164787e-01 5.023243568155453254e-01 4.998450582233061046e-01 5.022343591520567196e-01 4.969757386947629696e-01 5.026520730003386506e-01 5.000739072009416919e-01 5.027457809333347738e-01 4.998447860623043693e-01 4.487447523613543043e-01 5.984943050890254579e-01 8.010981819231505208e-01
5.005041355966537431e-01 5.022987724149795552e-01 4.997697651740368174e-01 5.023378285822628353e-01 4.970443507468840227e-01 5.026904404925771619e-01 5.001059160139669224e-01 5.027910338155913150e-01 4.997616461262913701e-01 4.486880971229371684e-01 5.983354872579407235e-01 8.010578471242578713e-01
5.005854058171080867e-01 5.022842068020634265e-01 4.997749391135038466e-01 5.022479457662194502e-01 4.969679687957539449e-01 5.028519579899198844e-01 5.001604145683266056e-01 5.028256121795617872e-01 4.996912001836968931e-01 4.485886495662826934e-01 5.984112093413982425e-01 8.012690863741686043e-01
5.004972834805799797e-01 5.023787118380156347e-01 4.998292002726699157e-01 5.021402905713368003e-01 4.970584802273812497e-01 5.029363369764275893e-01 5.003109721249019426e-01 5.029103859300847468e-01 4.997326915722296037e-01 4.484223489577887078e-01 5.985061814622466558e-01 8.011990542213861533e-01
5.004402285246629667e-01 5.023314516814247899e-01 4.997525837109251801e-01 5.021843498235611936e-01 4.972271189790025137e-01 5.028956620110932585e-01 5.001445676584242994e-01 5.027924929089364614e-01 4.996508966632079995e-01 4.483726164516678714e-01 5.985301506104921954e-01 8.013021827654575047e-01
5.004189098118848600e-01 5.022973120919799195e-01 4.996550242162579591e-01 5.022154496447478467e-01 4.970700674978335010e-01 5.027728811918187324e-01 5.000318741591233129e-01 5.026904533861289437e-01 4.996255023099540615e-01 4.483217171648585797e-01 5.986940819080769360e-01 8.012601793000101447e-01
5.004712083484557095e-01 5.022092350018149132e-01 4.995788240942597436e-01 5.022953208302759487e-01 4.970669963578858708e-01 5.027349165830664601e-01 4.997722229285977424e-01 5.027655366791906610e-01 4.996703025321151403e-01 4.483509228895130594e-01 5.987253239980658837e-01 8.012740660915463886e-01
5.003720291239103224e-01 5.022418501488139508e-01 4.994081695375927055e-01 5.022493736223864191e-01 4.971508399195961325e-01 5.026025958527218229e-01 4.997670017508947238e-01 5.026609709151141914e-01 4.997463444200943017e-01 4.484227078405140787e-01 5.988780004331130113e-01 8.012743411942256921e-01
5.003610098645836501e-01 5.023949825270330738e-01 4.996027344861762587e-01 5.024960392019950373e-01 4.970292882864602024e-01 5.027343525603025221e-01 4.999027534746678381e-01 5.026466389764225884e-01 4.997453547310832245e-01 4.484997140808720806e-01 5.989418009576974455e-01 8.012236256176290539e-01
5.005685969100671651e-01 5.022165172148116419e-01 4.994737726847648385e-01 5.023751367367466081e-01 4.969275586145859847e-01 5.027652762715884016e-01 4.998853567532127729e-01 5.025635232918829187e-01 4.996968614499928685e-01 4.484822308662019252e-01 5.990041298264824343e-01 8.013199481713424444e-01
5.006693564569510979e-01 5.021996747725149257e-01 4.994173434893964814e-01 5.023790840818548320e-01 4.969709605096568339e-01 5.027806687616077630e-01 4.999335086043560361e-01 5.025104368638834140e-01 4.996587287255138121e-01 4.483496631597785886e-01 5.990133274819660070e-01 8.012897291097880181e-01
5.005699899809797904e-01 5.022042877061463351e-01 4.995193663346810253e-01 5.024456238493923976e-01 4.970752158782271724e-01 5.028183748941422726e-01 4.998151234321401293e-01 5.025621839784764067e-01 4.996396502622615921e-01 4.483350840906702994e-01 5.991480902894894545e-01 8.012277398072918944e-01
5.005443943833602916e-01 5.021137780702108477e-01 4.995140791674694825e-01 5.024217897469573924e-01 4.970510924169918021e-01 5.028960014776254761e-01 4.996616343561374740e-01 5.027787958964627935e-01 4.998652689250039360e-01 4.483813818818770391e-01 5.992562213451263498e-01 8.012462965981942409e-01
5.007748224321377783e-01 5.019808087151502729e-01 4.995991490742843211e-01 5.024379351698763374e-01 4.970344687631769731e-01 5.030489798726890394e-01 4.996775775941157960e-01 5.028945313182074939e-01 4.996242521612150322e-01 4.484334192555645693e-01 5.993142407187067588e-01 8.012669803688384773e-01
5.008038873416117420e-01 5.019292547991174303e-01 4.996019979606578509e-01 5.025785139683576208e-01 4.969432687947012983e-01 5.031162381662415140e-01 4.996883953557006985e-01 5.028352039597446810e-01 4.996141491993280614e-01 4.483968747189955306e-01 5.993844908915234582e-01 8.013010827023686611e-01
5.007785527420829386e-01 5.019316834538949390e-01 4.995020552100243871e-01 5.026359554631866233e-01 4.970117970392238793e-01 5.031166059135401269e-01 4.995414678796961105e-01 5.027494692544922650e-01 4.995117304613188036e-01 4.485165203986313243e-01 5.995271997168766243e-01 8.012359147560276229e-01
5.008139651424424743e-01 5.020141390313576091e-01 4.994011384550158250e-01 5.025053025615814351e-01 4.969797168565481815e-01 5.029212435164224226e-01 4.996254004906313106e-01 5.027044438249772540e-01 4.994888492714391615e-01 4.484857489250769769e-01 5.995186800624836554e-01 8.011230078133189103e-01
