5.033757269835124060e-01
5.065098879803635601e-01
4.992182023765184273e-01
5.021916597069824295e-01
4.990332734838758277e-01
5.013077632370108727e-01
5.005260587283687501e-01
4.980140559123648059e-01
5.014140507510969069e-01
4.971360044024392688e-01
5.118414113171614321e-01
5.087530290236773611e-01
5.050443844517804592e-01
5.029083365821812590e-01
5.058392519402696852e-01
5.170648070173052835e-01
5.055878839096601407e-01
5.069360380428610258e-01
5.093911561048438674e-01
5.047434447248172473e-01
5.066269484733559869e-01
5.020093473536401119e-01
5.171715017310229978e-01
5.179366001190220947e-01
5.031286852772911544e-01
5.102445201023315668e-01
4.994120626296967291e-01
4.974731572258317414e-01
5.004594371822486121e-01
5.002626515319572587e-01
5.037515725742557349e-01
5.011620711198716549e-01
4.976830575590222017e-01
5.002587393342662336e-01
5.032452776719308352e-01
4.977438537289858855e-01
4.978917940252550189e-01
5.003174677071392518e-01
4.992676481487341444e-01
4.972944656068543079e-01
5.025684902836148327e-01
4.967037356170271312e-01
5.001637874068651790e-01
4.991946931282474353e-01
5.015255717816500258e-01
5.009780396315997031e-01
5.011326025076027202e-01
4.985318015815434767e-01
5.002991124405257173e-01
5.007139289574613628e-01
5.036907048812756527e-01
5.014828523494119228e-01
5.038110757209247614e-01
5.026022445042027664e-01
4.989481071923799194e-01
5.001168789261439818e-01
4.947436834405542494e-01
5.050442490439481791e-01
5.020215192347459165e-01
4.985027443576414696e-01
5.048514193685592621e-01
5.044867695720567369e-01
5.018374737079042136e-01
5.031479729881930263e-01
5.039133636459423027e-01
5.036577471009695550e-01
4.971222190886148695e-01
5.019251114989142781e-01
5.006644696972724073e-01
4.986478518015098338e-01
5.001069838572285153e-01
5.013814457629316435e-01
4.963924449232458014e-01
4.992019701128326825e-01
5.000236194481365581e-01
5.017675797109091285e-01
5.005937057055566131e-01
5.002611521824975593e-01
4.986067147844464031e-01
4.951310923897734306e-01
4.986876159949029663e-01
5.021926044080444740e-01
4.964477677651019660e-01
4.959885318519036135e-01
5.008535706480192751e-01
5.020295065810755908e-01
4.989827042846490812e-01
5.003279461941304573e-01
5.016475903608559328e-01
4.980134917529766003e-01
4.996863228259497691e-01
5.038323778675125597e-01
5.045260243681279899e-01
5.023101627161367100e-01
4.993531158192942576e-01
4.971279549652293239e-01
4.992615410649110519e-01
5.012215116245221092e-01
5.034991069314247447e-01
4.979583107828244315e-01
5.040492726398263512e-01
5.000190566749167509e-01
5.007872455868224160e-01
4.969979637255738103e-01
4.955679876060287703e-01
5.009572336532803760e-01
4.991751969608060890e-01
4.990161793867918250e-01
5.028374603406629006e-01
4.998544598842835085e-01
5.003937081875960979e-01
5.007595699964141334e-01
4.987582237998648971e-01
4.985109001990344346e-01
4.980453409057868930e-01
4.981432103058551775e-01
4.991515913696455420e-01
4.971734467898729082e-01
5.020395312339763771e-01
5.012609606188509481e-01
4.992359825338400503e-01
4.955818239128315650e-01
4.995116999389427326e-01
4.964679153421267532e-01
4.973812830680998109e-01
4.988591617171194148e-01
4.996289027992417142e-01
5.036116116039989210e-01
4.994617978972635264e-01
4.975587689287208626e-01
5.025619443324628177e-01
4.990731846356641910e-01
4.989329020291941030e-01
4.989727680349510530e-01
5.019800447849130931e-01
4.999037895670679355e-01
5.026448100460373380e-01
4.994506507658115213e-01
4.987749133151828662e-01
4.969340797483985939e-01
5.026181946702635850e-01
4.963188024544720189e-01
5.000412661456110630e-01
5.022263184557469451e-01
4.983888378692511445e-01
5.052647051169163461e-01
4.979678565101081644e-01
5.023130136538154211e-01
5.021197563101683636e-01
5.019567045799879779e-01
4.990599068410014882e-01
5.009702392984539676e-01
5.044150154572114575e-01
5.023549826501897408e-01
5.002408258584066791e-01
5.006360763873280995e-01
4.983306186959405304e-01
4.990941049275287589e-01
5.011770883849389069e-01
5.012404582039433620e-01
5.016545565979223520e-01
5.015460977477529392e-01
5.014452551109916945e-01
4.986024607179959101e-01
4.999395714738175123e-01
5.028974671598106516e-01
5.032152135847435259e-01
4.992797817711161490e-01
5.003008641039699000e-01
4.984230499331803177e-01
5.000677670912944128e-01
5.001918327295358235e-01
5.009944475346753689e-01
4.989652640965638875e-01
4.980961822235288605e-01
4.980871015973095117e-01
5.065416639850804925e-01
5.007376478661661467e-01
4.996973389559153378e-01
4.980907158986689343e-01
5.025279023663341560e-01
5.013868086479508213e-01
5.026042871156469749e-01
4.984626288889815737e-01
5.013876677217368183e-01
5.007792000992550285e-01
5.009439361084436770e-01
5.022999105542635956e-01
5.031548519793803687e-01
5.013843696970204933e-01
5.038353842557687923e-01
5.012566781353287038e-01
4.985751219076339225e-01
4.974802294208640063e-01
4.990456710353126102e-01
5.018898093032255758e-01
5.016031406645340418e-01
4.994728331442065961e-01
4.993992094080447752e-01
4.992377798314982518e-01
4.975911760531347983e-01
5.052127311203256088e-01
4.988247075702872957e-01
5.037711812647668319e-01
4.973453484661865542e-01
5.014965053932741723e-01
4.932014795515533012e-01
4.988208113971161484e-01
4.977805570400047896e-01
5.001676272434543158e-01
4.974112055260289655e-01
4.968115796516460181e-01
5.018762445700748476e-01
4.995220113364958747e-01
4.974600761687520967e-01
4.999410599444980563e-01
5.019130725654498137e-01
5.026634811400249037e-01
4.971318116940911525e-01
5.001801456732672957e-01
4.986414802951724123e-01
5.039273636028559489e-01
5.010544671960536212e-01
5.024718192198043276e-01
5.001365364997064633e-01
4.981468506149731579e-01
5.026929947812981414e-01
5.021643904075394627e-01
5.002119224452691304e-01
4.972843820120217417e-01
4.981565566886121399e-01
4.993963935923242392e-01
5.015188819463428649e-01
4.970084955865306520e-01
5.020455933241014801e-01
5.015311638410471229e-01
5.004326128091708403e-01
4.989674826112436845e-01
4.982973465507660182e-01
4.978808035959441103e-01
4.984070319422120865e-01
5.009256455134967201e-01
4.992468940656895060e-01
5.015076133817674142e-01
5.022205024272229368e-01
4.980963959965273857e-01
5.009171790366074850e-01
5.035379245471689469e-01
4.982183562702995894e-01
4.975956739840623477e-01
4.963472505735826434e-01
4.961871846567675326e-01
4.961567527630990626e-01
5.030926246864736440e-01
5.008427900237626407e-01
4.999557693870650410e-01
5.004363625805192672e-01
4.994516647121772790e-01
4.958330344758202224e-01
5.005114444094246329e-01
5.021954833488861958e-01
4.978016555744396721e-01
5.018489076703855911e-01
4.965469119120798358e-01
4.947332421523348844e-01
4.995544201686689112e-01
5.013086474197616660e-01
5.004171579944607373e-01
5.018000211702962066e-01
4.965443279952419520e-01
4.979980452704681482e-01
4.987557376735636261e-01
5.015506004925707195e-01
4.987495837309013913e-01
4.966526286138689406e-01
4.996115272636232341e-01
5.021028204358860547e-01
4.989880483281012302e-01
4.959635462413529705e-01
5.015313403368063527e-01
5.012267091830937549e-01
4.987967378463890600e-01
5.053111941395207474e-01
5.018092831565643674e-01
5.080260465478936283e-01
4.995969303410152107e-01
4.996685059459653466e-01
5.010248190352089015e-01
4.989209371616422084e-01
5.016518775382651230e-01
4.999376099848864552e-01
4.984925321748195359e-01
5.036988433486616623e-01
5.013263590726418917e-01
4.989255412323070349e-01
5.013672952569848684e-01
4.998600758586322357e-01
4.999204798569532593e-01
4.965188751484494456e-01
