-1.074688391834092140e+08
-1.074623463378792405e+08
-1.074588918897905797e+08
-1.074309962069925815e+08
-1.074181600043166131e+08
-1.074179674215214849e+08
-1.074006903377684206e+08
-1.073948887978138626e+08
-1.073861345663015395e+08
-1.073833112890761048e+08
-1.073715609511187226e+08
-1.073706100769301802e+08
-1.073586234667744339e+08
-1.073583247708928883e+08
-1.073483551048792154e+08
-1.073309830227690637e+08
-1.073125607224014550e+08
-1.072998215646582395e+08
-1.072864791000100672e+08
-1.072702167861045152e+08
-1.072574290558139384e+08
-1.072546475274062157e+08
-1.072424277709791362e+08
-1.072277387729651183e+08
-1.072269509530142397e+08
-1.072241854277889729e+08
-1.072212579711512625e+08
-1.072143401663509756e+08
-1.071998450744779557e+08
-1.071803509223517179e+08
-1.071595168173466325e+08
-1.071534404305419177e+08
-1.071417021283996403e+08
-1.071336303109525144e+08
-1.071297840302882493e+08
-1.071155533015152514e+08
-1.070748413262141496e+08
-1.070726097093401253e+08
-1.070630680073412955e+08
-1.070551578588562161e+08
-1.070454231775511801e+08
-1.070348275639530867e+08
-1.070330971899601966e+08
-1.070295538220246434e+08
-1.070200109264423549e+08
-1.070125085480086058e+08
-1.070061089139091671e+08
-1.069967775375390798e+08
-1.069965555769915432e+08
-1.069843131404416561e+08
-1.069772093110420108e+08
-1.069711161944219321e+08
-1.069656739343871474e+08
-1.069596296082171202e+08
-1.069347545344484597e+08
-1.068982235638090074e+08
-1.068852428210525960e+08
-1.068783548104718328e+08
-1.068685500339491367e+08
-1.068554953327742517e+08
-1.068438151176341623e+08
-1.068404693401574045e+08
-1.068314664809864312e+08
-1.068313467852798253e+08
-1.067863994783074707e+08
-1.067856549430090785e+08
-1.067750703826690912e+08
-1.067656230525062829e+08
-1.067656090361076742e+08
-1.067495595811228007e+08
-1.067317002534480393e+08
-1.067133198331391364e+08
-1.066869344151608050e+08
-1.066651686278045028e+08
-1.066548479600777030e+08
-1.066423652487522960e+08
-1.066178925908314437e+08
-1.066024163371501416e+08
-1.065875380402952880e+08
-1.065680966646145582e+08
-1.065498386426459104e+08
-1.065456231394597292e+08
-1.065386687143958062e+08
-1.065373211286866069e+08
-1.065252675647808909e+08
-1.065072455132085532e+08
-1.064913529124078453e+08
-1.064818063711160272e+08
-1.064634667725894451e+08
-1.064602523584786803e+08
-1.064534075273500830e+08
-1.064450867857850641e+08
-1.064277065439941585e+08
-1.064269647060360610e+08
-1.064233460901473314e+08
-1.064039040982180238e+08
-1.063772501026821434e+08
-1.063582453043736964e+08
-1.063470115370020717e+08
-1.063453761522863656e+08
-1.063384795232686102e+08
-1.062995557965133190e+08
-1.062845361155941486e+08
-1.062684918866155893e+08
-1.062587877221589684e+08
-1.062511346399366111e+08
-1.062404160740977228e+08
-1.062304459703644365e+08
-1.062277324350869507e+08
-1.062239401048970073e+08
-1.062126883570753038e+08
-1.061979845362044126e+08
-1.061886252883659601e+08
-1.061865824317256510e+08
-1.061862632291729301e+08
-1.061647675598999113e+08
-1.061523045616806597e+08
-1.061488470337435603e+08
-1.061475290205052048e+08
-1.061389287466120422e+08
-1.061301629905456752e+08
-1.061219108029429168e+08
-1.061136936410626769e+08
-1.061096898074214756e+08
-1.060810079263838530e+08
-1.060741441381697208e+08
-1.060738677201293856e+08
-1.060652570505977571e+08
-1.060510727382818162e+08
-1.060299962560039163e+08
-1.060283959499461651e+08
-1.060241270800480545e+08
-1.060218827719750404e+08
-1.060201067907865942e+08
-1.060093978767870516e+08
-1.060061607997230738e+08
-1.059915807214893848e+08
-1.059828267074371129e+08
-1.059799279810505807e+08
-1.059703531639724672e+08
-1.059637157799170166e+08
-1.059533036939483583e+08
-1.059427404725651890e+08
-1.059412194602558315e+08
-1.059304156275829673e+08
-1.059168995075555742e+08
-1.059058762311171442e+08
-1.059008813579344898e+08
-1.058731212378269583e+08
-1.058582923679904044e+08
-1.058550143581600785e+08
-1.058273184455727786e+08
-1.058041772798812091e+08
-1.058030023731884211e+08
-1.057881328606404215e+08
-1.057744702390863001e+08
-1.057576682652497590e+08
-1.057291389666750729e+08
-1.057213607072824836e+08
-1.056888246052887440e+08
-1.056687958940630853e+08
-1.056591997577577382e+08
-1.056430775947589427e+08
-1.056395833278109878e+08
-1.056121830374869257e+08
-1.056034137645575404e+08
-1.055985909832056165e+08
-1.055948773428611904e+08
-1.055794078389669359e+08
-1.055705044254998714e+08
-1.055699053423712552e+08
-1.055598740854568630e+08
-1.055408125227521509e+08
-1.055308340632368475e+08
-1.055087621980517209e+08
-1.054938444441943616e+08
-1.054857804013125002e+08
-1.054814308585422784e+08
-1.054734025853898078e+08
-1.054563744556244016e+08
-1.054543935300320834e+08
-1.054411309528603405e+08
-1.054141398878810704e+08
-1.054100660096292347e+08
-1.053788721126342714e+08
-1.053566700925399512e+08
-1.053506817457223833e+08
-1.053397955523152053e+08
-1.053293518395810723e+08
-1.053234342736801207e+08
-1.053002298489751965e+08
-1.052847194253207594e+08
-1.052824490336082578e+08
-1.052650822855919749e+08
-1.052546772012804151e+08
-1.052361016278981417e+08
-1.052325992918551862e+08
-1.052259371907144636e+08
-1.052203772518996894e+08
-1.052033928982021213e+08
-1.051719627056187838e+08
-1.051689586296734363e+08
-1.051584378240977675e+08
-1.051480247161103338e+08
-1.051333621875869036e+08
-1.051302841218727231e+08
-1.051269287724199146e+08
-1.051225683898368478e+08
-1.051153427038800269e+08
-1.050972824451284856e+08
-1.050968030731923580e+08
-1.050800585632079393e+08
-1.050670194660968482e+08
-1.050527801673651636e+08
-1.050485895500523895e+08
-1.050196239937577546e+08
-1.050124816820697188e+08
-1.049928680315560848e+08
-1.049922035231222063e+08
-1.049603542731656432e+08
-1.049470307833261639e+08
-1.049437618176262379e+08
-1.049388077422185093e+08
-1.049227121394512951e+08
-1.049067085982348025e+08
-1.049052258045051992e+08
-1.048930051727460027e+08
-1.048684340118831992e+08
-1.048603019770349115e+08
-1.048368400524066538e+08
-1.048121333269026130e+08
-1.047883381526523829e+08
-1.047827268194657862e+08
-1.047720631876979768e+08
-1.047506655030695498e+08
-1.047444025876152068e+08
-1.047413339687878489e+08
-1.047262011257998794e+08
-1.047115751485570967e+08
-1.047072402823287994e+08
-1.047022130576597303e+08
-1.046981544819139689e+08
-1.046836176874505728e+08
-1.046794839023813158e+08
-1.046668520817918926e+08
-1.046658907584158331e+08
-1.046611189128653705e+08
-1.046467366688433290e+08
-1.046212140178599656e+08
-1.046186874759754837e+08
-1.046140883589926064e+08
-1.045967005992068052e+08
-1.045858774670388252e+08
-1.045790736905746758e+08
-1.045596513700011373e+08
-1.045450185421723425e+08
-1.045292668104882240e+08
-1.045129407352191061e+08
-1.045122164682081789e+08
-1.045055509103357792e+08
-1.044913355170454532e+08
-1.044810778758060783e+08
-1.044611960778039545e+08
-1.044516119870108217e+08
-1.044450193794222921e+08
-1.044400242997988313e+08
-1.044367992224979848e+08
-1.044247445550097078e+08
-1.043941451401428133e+08
-1.043876977131359875e+08
-1.043812288216643482e+08
-1.043803544036213905e+08
-1.043752534359682351e+08
-1.043714949892563075e+08
-1.043657930655602962e+08
-1.043561357442690581e+08
-1.043484691973361671e+08
-1.043219090193649828e+08
-1.043048784381170720e+08
-1.043017037080044597e+08
-1.042927762806750536e+08
-1.042838623537341654e+08
-1.042797373264580965e+08
-1.042679071483355314e+08
-1.042523500547927618e+08
-1.042492496142730862e+08
-1.042463312158794999e+08
-1.042312782595934123e+08
-1.042187343060274869e+08
-1.041749920604225099e+08
-1.041749009806668013e+08
-1.041732407142935395e+08
-1.041518089179925025e+08
-1.041448665941946805e+08
-1.041274065301548392e+08
-1.041234389493431151e+08
-1.041210667090297490e+08
-1.041142020535043329e+08
-1.041019194007445127e+08
-1.040928198446259350e+08
-1.040905386327302754e+08
-1.040900327375771850e+08
-1.040857574865550846e+08
-1.040732286468156427e+08
-1.040548789524226934e+08
-1.040412365457010120e+08
-1.040347380193081796e+08
-1.040320771091504693e+08
-1.040308438711275756e+08
-1.040237377033748031e+08
-1.040169409861317128e+08
-1.040140319377807081e+08
-1.040104933401556462e+08
-1.040075403629663885e+08
-1.039914351484623700e+08
-1.039911213093598634e+08
-1.039827420191467255e+08
-1.039616821961692572e+08
-1.039468967978994697e+08
-1.039226547311982810e+08
-1.039205192547715753e+08
-1.039069953123439848e+08
-1.039043521258108914e+08
-1.038780108370728791e+08
-1.038656390287885219e+08
-1.038537730339581072e+08
-1.038362270133092701e+08
-1.038229424100590646e+08
-1.038067904893586338e+08
-1.038043095661975890e+08
-1.037839213760772198e+08
-1.037694080372272879e+08
-1.037676274990710616e+08
-1.037673126843205243e+08
-1.037510756082259715e+08
-1.037425366922030598e+08
-1.037386180698016435e+08
-1.037248058154362142e+08
-1.037012969320626557e+08
-1.036935212973118275e+08
-1.036865068644816875e+08
-1.036732239304187596e+08
-1.036657878725186288e+08
-1.036617874326742291e+08
-1.036460770565847754e+08
-1.036420666067920923e+08
-1.036323893111585528e+08
-1.036207021238410771e+08
-1.036186376504056901e+08
-1.036178384018850625e+08
-1.036073652918609977e+08
-1.035972315944143385e+08
-1.035827798591544032e+08
-1.035771138004002273e+08
-1.035665520086371303e+08
-1.035523919390658289e+08
-1.035478067490003258e+08
-1.035407101178046763e+08
-1.035323248304456323e+08
-1.035301240577095300e+08
-1.035194782705318481e+08
-1.035150365701554269e+08
-1.035097467073692232e+08
-1.034998519716159999e+08
-1.034879391099004000e+08
-1.034815479126326442e+08
-1.034757046410986334e+08
-1.034621740859528184e+08
-1.034579918088293374e+08
-1.034557507906754911e+08
-1.034465217375258207e+08
-1.034353331728859097e+08
-1.034246081191451102e+08
-1.034027589289466888e+08
-1.034018295313304514e+08
-1.033897463634520769e+08
-1.033826965801794529e+08
-1.033729761871156245e+08
-1.033678126871857196e+08
-1.033574731202430129e+08
-1.033415602492693365e+08
-1.033400873798071742e+08
-1.033321107955536097e+08
-1.033208860649888068e+08
-1.033192757727792114e+08
-1.033157735897501558e+08
-1.033059341568802595e+08
-1.032899728800509125e+08
-1.032792653155925125e+08
-1.032749599458779097e+08
-1.032669904852966666e+08
-1.032594795592932999e+08
-1.032378473675210029e+08
-1.032239561828236878e+08
-1.032227832441098094e+08
-1.032185038705418110e+08
-1.032052508646771163e+08
-1.032022125597872734e+08
-1.031900437624492496e+08
-1.031704760892168581e+08
-1.031666225800030082e+08
-1.031611060587191731e+08
-1.031514954657006860e+08
-1.031473454056209475e+08
-1.031383290340868086e+08
-1.031352523832169473e+08
-1.031320306515138596e+08
-1.031207474656659514e+08
-1.030936386998946220e+08
-1.030921210532915741e+08
-1.030846890700059980e+08
-1.030729233145868182e+08
-1.030618024629907608e+08
-1.030398320754175484e+08
-1.030286066136004478e+08
-1.030277078329589814e+08
-1.030116390010309219e+08
-1.029981180333190262e+08
-1.029767929724230170e+08
-1.029677170916167647e+08
-1.029577115744973868e+08
-1.029551316163002402e+08
-1.029508205567187369e+08
-1.029445989508752972e+08
-1.029182681450063139e+08
-1.029140996116248071e+08
-1.029092382552753985e+08
-1.029041119123802334e+08
-1.028833917176786363e+08
-1.028721274325904846e+08
-1.028606127041169554e+08
-1.028537252925471961e+08
-1.028522482455644906e+08
-1.028470965928282291e+08
-1.028380717033555508e+08
-1.028161833498501033e+08
-1.028130635773465037e+08
-1.028088220403903574e+08
-1.027976383626420945e+08
-1.027721783348011672e+08
-1.027505022648041248e+08
-1.027420277849666178e+08
-1.027417631617048085e+08
-1.027347943291733563e+08
-1.027284665883806944e+08
-1.027236434443457872e+08
-1.027116166890513599e+08
-1.026985201093236208e+08
-1.026950360680825263e+08
-1.026941183347394019e+08
-1.026860843115449697e+08
-1.026754302784184366e+08
-1.026667543416745812e+08
-1.026623498083648086e+08
-1.026609638111255616e+08
-1.026556725895267278e+08
-1.026391811267628223e+08
-1.026282927881956398e+08
-1.026163653591637313e+08
-1.026113109032266587e+08
-1.026097438778250217e+08
-1.026030395049755871e+08
-1.025972856643134207e+08
-1.025759487499038577e+08
-1.025643046077677608e+08
-1.025489775830011219e+08
-1.025401033766735047e+08
-1.025122277580797821e+08
-1.025012927297954559e+08
-1.024771871178490072e+08
-1.024515107627993226e+08
-1.024452553509002030e+08
-1.024436580040192604e+08
-1.024411738301760703e+08
-1.024316158594703823e+08
-1.024194157973846346e+08
-1.024063480538220704e+08
-1.024035346178697646e+08
-1.024033736536634415e+08
-1.023874625855787843e+08
-1.023814174174086154e+08
-1.023718968068130761e+08
-1.023664011425204128e+08
-1.023633089489577562e+08
-1.023505701911454648e+08
-1.023444108337930292e+08
-1.023386906093388945e+08
-1.023139419056158513e+08
-1.022900213124201149e+08
-1.022498845616326630e+08
-1.022353755759139657e+08
-1.022224871324235052e+08
-1.022217486264759451e+08
-1.022067860994623750e+08
-1.021911243026091754e+08
-1.021888659839774370e+08
-1.021727434059998095e+08
-1.021725662392418981e+08
-1.021710194204926640e+08
-1.021704431960251927e+08
