-1.031666225800030082e+08
-1.031611060587191731e+08
-1.031514954657006860e+08
-1.031473454056209475e+08
-1.031383290340868086e+08
-1.031352523832169473e+08
-1.031320306515138596e+08
-1.031207474656659514e+08
-1.030936386998946220e+08
-1.030921210532915741e+08
-1.030846890700059980e+08
-1.030729233145868182e+08
-1.030618024629907608e+08
-1.030398320754175484e+08
-1.030286066136004478e+08
-1.030277078329589814e+08
-1.030116390010309219e+08
-1.029981180333190262e+08
-1.029767929724230170e+08
-1.029677170916167647e+08
-1.029577115744973868e+08
-1.029551316163002402e+08
-1.029508205567187369e+08
-1.029445989508752972e+08
-1.029182681450063139e+08
-1.029140996116248071e+08
-1.029092382552753985e+08
-1.029041119123802334e+08
-1.028833917176786363e+08
-1.028721274325904846e+08
-1.028606127041169554e+08
-1.028537252925471961e+08
-1.028522482455644906e+08
-1.028470965928282291e+08
-1.028380717033555508e+08
-1.028161833498501033e+08
-1.028130635773465037e+08
-1.028088220403903574e+08
-1.027976383626420945e+08
-1.027721783348011672e+08
-1.027505022648041248e+08
-1.027420277849666178e+08
-1.027417631617048085e+08
-1.027347943291733563e+08
-1.027284665883806944e+08
-1.027236434443457872e+08
-1.027116166890513599e+08
-1.026985201093236208e+08
-1.026950360680825263e+08
-1.026941183347394019e+08
-1.026860843115449697e+08
-1.026754302784184366e+08
-1.026667543416745812e+08
-1.026623498083648086e+08
-1.026609638111255616e+08
-1.026556725895267278e+08
-1.026391811267628223e+08
-1.026282927881956398e+08
-1.026163653591637313e+08
-1.026113109032266587e+08
-1.026097438778250217e+08
-1.026030395049755871e+08
-1.025972856643134207e+08
-1.025759487499038577e+08
-1.025643046077677608e+08
-1.025489775830011219e+08
-1.025401033766735047e+08
-1.025122277580797821e+08
-1.025012927297954559e+08
-1.024771871178490072e+08
-1.024515107627993226e+08
-1.024452553509002030e+08
-1.024436580040192604e+08
-1.024411738301760703e+08
-1.024316158594703823e+08
-1.024194157973846346e+08
-1.024063480538220704e+08
-1.024035346178697646e+08
-1.024033736536634415e+08
-1.023874625855787843e+08
-1.023814174174086154e+08
-1.023718968068130761e+08
-1.023664011425204128e+08
-1.023633089489577562e+08
-1.023505701911454648e+08
-1.023444108337930292e+08
-1.023386906093388945e+08
-1.023139419056158513e+08
-1.022900213124201149e+08
-1.022498845616326630e+08
-1.022353755759139657e+08
-1.022224871324235052e+08
-1.022217486264759451e+08
-1.022067860994623750e+08
-1.021911243026091754e+08
-1.021888659839774370e+08
-1.021727434059998095e+08
-1.021725662392418981e+08
-1.021710194204926640e+08
-1.021704431960251927e+08
